# JRE version: Java(TM) SE Runtime Environment (16.0.2+7) (build 16.0.2+7-67)
# Java VM: Java HotSpot(TM) 64-Bit Server VM (16.0.2+7-67, mixed mode, sharing, tiered, compressed oops, compressed class ptrs, parallel gc, windows-amd64)
GC Precious Log:
 CPUs: 16 total, 16 available
 Memory: 49049M
 Large Page Support: Disabled
 NUMA Support: Disabled
 Compressed Oops: Enabled (32-bit)
 Alignments: Space 512K, Generation 512K, Heap 2M
 Heap Min Capacity: 100M
 Heap Initial Capacity: 100M
 Heap Max Capacity: 1G
 Pre-touch: Disabled
 Parallel Workers: 13
Heap:
 PSYoungGen      total 4608K, used 4218K [0x00000000eab00000, 0x00000000eb180000, 0x0000000100000000)
  eden space 2560K, 99% used [0x00000000eab00000,0x00000000ead7fff8,0x00000000ead80000)
  from space 2048K, 80% used [0x00000000eaf80000,0x00000000eb11e810,0x00000000eb180000)
  to   space 2048K, 87% used [0x00000000ead80000,0x00000000eaf3dd10,0x00000000eaf80000)
 ParOldGen       total 267776K, used 256559K [0x00000000c0000000, 0x00000000d0580000, 0x00000000eab00000)
  object space 267776K, 95% used [0x00000000c0000000,0x00000000cfa8bda8,0x00000000d0580000)
 Metaspace       used 86352K, committed 87296K, reserved 1130496K
  class space    used 8076K, committed 8512K, reserved 1048576K
GC Heap History (20 events):
Event: 178951.789 GC heap after
{Heap after GC invocations=33063 (full 1024):
 PSYoungGen      total 2560K, used 224K [0x00000000eab00000, 0x00000000eaf00000, 0x0000000100000000)
  eden space 2048K, 0% used [0x00000000eab00000,0x00000000eab00000,0x00000000ead00000)
  from space 512K, 43% used [0x00000000ead00000,0x00000000ead38000,0x00000000ead80000)
  to   space 1024K, 0% used [0x00000000eae00000,0x00000000eae00000,0x00000000eaf00000)
 ParOldGen       total 278016K, used 275202K [0x00000000c0000000, 0x00000000d0f80000, 0x00000000eab00000)
  object space 278016K, 98% used [0x00000000c0000000,0x00000000d0cc0b70,0x00000000d0f80000)
 Metaspace       used 86352K, committed 87296K, reserved 1130496K
  class space    used 8076K, committed 8512K, reserved 1048576K
}
Event: 178952.415 GC heap before
{Heap before GC invocations=33064 (full 1024):
 PSYoungGen      total 2560K, used 2272K [0x00000000eab00000, 0x00000000eaf00000, 0x0000000100000000)
  eden space 2048K, 100% used [0x00000000eab00000,0x00000000ead00000,0x00000000ead00000)
  from space 512K, 43% used [0x00000000ead00000,0x00000000ead38000,0x00000000ead80000)
  to   space 1024K, 0% used [0x00000000eae00000,0x00000000eae00000,0x00000000eaf00000)
 ParOldGen       total 278016K, used 275202K [0x00000000c0000000, 0x00000000d0f80000, 0x00000000eab00000)
  object space 278016K, 98% used [0x00000000c0000000,0x00000000d0cc0b70,0x00000000d0f80000)
 Metaspace       used 86352K, committed 87296K, reserved 1130496K
  class space    used 8076K, committed 8512K, reserved 1048576K
}
Event: 178952.416 GC heap after
{Heap after GC invocations=33064 (full 1024):
 PSYoungGen      total 2560K, used 416K [0x00000000eab00000, 0x00000000eae80000, 0x0000000100000000)
  eden space 2048K, 0% used [0x00000000eab00000,0x00000000eab00000,0x00000000ead00000)
  from space 512K, 81% used [0x00000000eae00000,0x00000000eae68000,0x00000000eae80000)
  to   space 512K, 0% used [0x00000000ead00000,0x00000000ead00000,0x00000000ead80000)
 ParOldGen       total 278016K, used 275210K [0x00000000c0000000, 0x00000000d0f80000, 0x00000000eab00000)
  object space 278016K, 98% used [0x00000000c0000000,0x00000000d0cc2b70,0x00000000d0f80000)
 Metaspace       used 86352K, committed 87296K, reserved 1130496K
  class space    used 8076K, committed 8512K, reserved 1048576K
}
Event: 178952.422 GC heap before
{Heap before GC invocations=33065 (full 1024):
 PSYoungGen      total 2560K, used 2464K [0x00000000eab00000, 0x00000000eae80000, 0x0000000100000000)
  eden space 2048K, 100% used [0x00000000eab00000,0x00000000ead00000,0x00000000ead00000)
  from space 512K, 81% used [0x00000000eae00000,0x00000000eae68000,0x00000000eae80000)
  to   space 512K, 0% used [0x00000000ead00000,0x00000000ead00000,0x00000000ead80000)
 ParOldGen       total 278016K, used 275210K [0x00000000c0000000, 0x00000000d0f80000, 0x00000000eab00000)
  object space 278016K, 98% used [0x00000000c0000000,0x00000000d0cc2b70,0x00000000d0f80000)
 Metaspace       used 86352K, committed 87296K, reserved 1130496K
  class space    used 8076K, committed 8512K, reserved 1048576K
}
Event: 178952.422 GC heap after
{Heap after GC invocations=33065 (full 1024):
 PSYoungGen      total 2560K, used 512K [0x00000000eab00000, 0x00000000eaf00000, 0x0000000100000000)
  eden space 2048K, 0% used [0x00000000eab00000,0x00000000eab00000,0x00000000ead00000)
  from space 512K, 100% used [0x00000000ead00000,0x00000000ead80000,0x00000000ead80000)
  to   space 1024K, 0% used [0x00000000eae00000,0x00000000eae00000,0x00000000eaf00000)
 ParOldGen       total 278016K, used 275527K [0x00000000c0000000, 0x00000000d0f80000, 0x00000000eab00000)
  object space 278016K, 99% used [0x00000000c0000000,0x00000000d0d11d58,0x00000000d0f80000)
 Metaspace       used 86352K, committed 87296K, reserved 1130496K
  class space    used 8076K, committed 8512K, reserved 1048576K
}
Event: 178952.430 GC heap before
{Heap before GC invocations=33066 (full 1024):
 PSYoungGen      total 2560K, used 2398K [0x00000000eab00000, 0x00000000eaf00000, 0x0000000100000000)
  eden space 2048K, 92% used [0x00000000eab00000,0x00000000eacd7830,0x00000000ead00000)
  from space 512K, 100% used [0x00000000ead00000,0x00000000ead80000,0x00000000ead80000)
  to   space 1024K, 0% used [0x00000000eae00000,0x00000000eae00000,0x00000000eaf00000)
 ParOldGen       total 278016K, used 275527K [0x00000000c0000000, 0x00000000d0f80000, 0x00000000eab00000)
  object space 278016K, 99% used [0x00000000c0000000,0x00000000d0d11d58,0x00000000d0f80000)
 Metaspace       used 86352K, committed 87296K, reserved 1130496K
  class space    used 8076K, committed 8512K, reserved 1048576K
}
Event: 178952.431 GC heap after
{Heap after GC invocations=33066 (full 1024):
 PSYoungGen      total 3072K, used 740K [0x00000000eab00000, 0x00000000eaf00000, 0x0000000100000000)
  eden space 2048K, 0% used [0x00000000eab00000,0x00000000eab00000,0x00000000ead00000)
  from space 1024K, 72% used [0x00000000eae00000,0x00000000eaeb92a0,0x00000000eaf00000)
  to   space 1024K, 0% used [0x00000000ead00000,0x00000000ead00000,0x00000000eae00000)
 ParOldGen       total 278016K, used 276067K [0x00000000c0000000, 0x00000000d0f80000, 0x00000000eab00000)
  object space 278016K, 99% used [0x00000000c0000000,0x00000000d0d98d68,0x00000000d0f80000)
 Metaspace       used 86352K, committed 87296K, reserved 1130496K
  class space    used 8076K, committed 8512K, reserved 1048576K
}
Event: 178952.434 GC heap before
{Heap before GC invocations=33067 (full 1024):
 PSYoungGen      total 3072K, used 2788K [0x00000000eab00000, 0x00000000eaf00000, 0x0000000100000000)
  eden space 2048K, 100% used [0x00000000eab00000,0x00000000ead00000,0x00000000ead00000)
  from space 1024K, 72% used [0x00000000eae00000,0x00000000eaeb92a0,0x00000000eaf00000)
  to   space 1024K, 0% used [0x00000000ead00000,0x00000000ead00000,0x00000000eae00000)
 ParOldGen       total 278016K, used 276067K [0x00000000c0000000, 0x00000000d0f80000, 0x00000000eab00000)
  object space 278016K, 99% used [0x00000000c0000000,0x00000000d0d98d68,0x00000000d0f80000)
 Metaspace       used 86352K, committed 87296K, reserved 1130496K
  class space    used 8076K, committed 8512K, reserved 1048576K
}
Event: 178952.435 GC heap after
{Heap after GC invocations=33067 (full 1024):
 PSYoungGen      total 3072K, used 996K [0x00000000eab00000, 0x00000000eb200000, 0x0000000100000000)
  eden space 2048K, 0% used [0x00000000eab00000,0x00000000eab00000,0x00000000ead00000)
  from space 1024K, 97% used [0x00000000ead00000,0x00000000eadf92a0,0x00000000eae00000)
  to   space 2560K, 0% used [0x00000000eaf80000,0x00000000eaf80000,0x00000000eb200000)
 ParOldGen       total 278016K, used 277357K [0x00000000c0000000, 0x00000000d0f80000, 0x00000000eab00000)
  object space 278016K, 99% used [0x00000000c0000000,0x00000000d0edb778,0x00000000d0f80000)
 Metaspace       used 86352K, committed 87296K, reserved 1130496K
  class space    used 8076K, committed 8512K, reserved 1048576K
}
Event: 178952.435 GC heap before
{Heap before GC invocations=33068 (full 1025):
 PSYoungGen      total 3072K, used 996K [0x00000000eab00000, 0x00000000eb200000, 0x0000000100000000)
  eden space 2048K, 0% used [0x00000000eab00000,0x00000000eab00000,0x00000000ead00000)
  from space 1024K, 97% used [0x00000000ead00000,0x00000000eadf92a0,0x00000000eae00000)
  to   space 2560K, 0% used [0x00000000eaf80000,0x00000000eaf80000,0x00000000eb200000)
 ParOldGen       total 278016K, used 277357K [0x00000000c0000000, 0x00000000d0f80000, 0x00000000eab00000)
  object space 278016K, 99% used [0x00000000c0000000,0x00000000d0edb778,0x00000000d0f80000)
 Metaspace       used 86352K, committed 87296K, reserved 1130496K
  class space    used 8076K, committed 8512K, reserved 1048576K
}
Event: 178952.503 GC heap after
{Heap after GC invocations=33068 (full 1025):
 PSYoungGen      total 4608K, used 0K [0x00000000eab00000, 0x00000000eb200000, 0x0000000100000000)
  eden space 2048K, 0% used [0x00000000eab00000,0x00000000eab00000,0x00000000ead00000)
  from space 2560K, 0% used [0x00000000eaf80000,0x00000000eaf80000,0x00000000eb200000)
  to   space 2560K, 0% used [0x00000000ead00000,0x00000000ead00000,0x00000000eaf80000)
 ParOldGen       total 267776K, used 250165K [0x00000000c0000000, 0x00000000d0580000, 0x00000000eab00000)
  object space 267776K, 93% used [0x00000000c0000000,0x00000000cf44d5a8,0x00000000d0580000)
 Metaspace       used 86352K, committed 87296K, reserved 1130496K
  class space    used 8076K, committed 8512K, reserved 1048576K
}
Event: 178952.509 GC heap before
{Heap before GC invocations=33069 (full 1025):
 PSYoungGen      total 4608K, used 2048K [0x00000000eab00000, 0x00000000eb200000, 0x0000000100000000)
  eden space 2048K, 100% used [0x00000000eab00000,0x00000000ead00000,0x00000000ead00000)
  from space 2560K, 0% used [0x00000000eaf80000,0x00000000eaf80000,0x00000000eb200000)
  to   space 2560K, 0% used [0x00000000ead00000,0x00000000ead00000,0x00000000eaf80000)
 ParOldGen       total 267776K, used 250165K [0x00000000c0000000, 0x00000000d0580000, 0x00000000eab00000)
  object space 267776K, 93% used [0x00000000c0000000,0x00000000cf44d5a8,0x00000000d0580000)
 Metaspace       used 86352K, committed 87296K, reserved 1130496K
  class space    used 8076K, committed 8512K, reserved 1048576K
}
Event: 178952.510 GC heap after
{Heap after GC invocations=33069 (full 1025):
 PSYoungGen      total 4608K, used 2144K [0x00000000eab00000, 0x00000000eb200000, 0x0000000100000000)
  eden space 2048K, 0% used [0x00000000eab00000,0x00000000eab00000,0x00000000ead00000)
  from space 2560K, 83% used [0x00000000ead00000,0x00000000eaf18000,0x00000000eaf80000)
  to   space 2560K, 0% used [0x00000000eaf80000,0x00000000eaf80000,0x00000000eb200000)
 ParOldGen       total 267776K, used 250165K [0x00000000c0000000, 0x00000000d0580000, 0x00000000eab00000)
  object space 267776K, 93% used [0x00000000c0000000,0x00000000cf44d5a8,0x00000000d0580000)
 Metaspace       used 86352K, committed 87296K, reserved 1130496K
  class space    used 8076K, committed 8512K, reserved 1048576K
}
Event: 178952.515 GC heap before
{Heap before GC invocations=33070 (full 1025):
 PSYoungGen      total 4608K, used 4192K [0x00000000eab00000, 0x00000000eb200000, 0x0000000100000000)
  eden space 2048K, 100% used [0x00000000eab00000,0x00000000ead00000,0x00000000ead00000)
  from space 2560K, 83% used [0x00000000ead00000,0x00000000eaf18000,0x00000000eaf80000)
  to   space 2560K, 0% used [0x00000000eaf80000,0x00000000eaf80000,0x00000000eb200000)
 ParOldGen       total 267776K, used 250165K [0x00000000c0000000, 0x00000000d0580000, 0x00000000eab00000)
  object space 267776K, 93% used [0x00000000c0000000,0x00000000cf44d5a8,0x00000000d0580000)
 Metaspace       used 86352K, committed 87296K, reserved 1130496K
  class space    used 8076K, committed 8512K, reserved 1048576K
}
Event: 178952.518 GC heap after
{Heap after GC invocations=33070 (full 1025):
 PSYoungGen      total 4608K, used 2304K [0x00000000eab00000, 0x00000000eb280000, 0x0000000100000000)
  eden space 2048K, 0% used [0x00000000eab00000,0x00000000eab00000,0x00000000ead00000)
  from space 2560K, 90% used [0x00000000eaf80000,0x00000000eb1c0000,0x00000000eb200000)
  to   space 2560K, 0% used [0x00000000ead00000,0x00000000ead00000,0x00000000eaf80000)
 ParOldGen       total 267776K, used 252221K [0x00000000c0000000, 0x00000000d0580000, 0x00000000eab00000)
  object space 267776K, 94% used [0x00000000c0000000,0x00000000cf64f5a8,0x00000000d0580000)
 Metaspace       used 86352K, committed 87296K, reserved 1130496K
  class space    used 8076K, committed 8512K, reserved 1048576K
}
Event: 178952.524 GC heap before
{Heap before GC invocations=33071 (full 1025):
 PSYoungGen      total 4608K, used 4227K [0x00000000eab00000, 0x00000000eb280000, 0x0000000100000000)
  eden space 2048K, 93% used [0x00000000eab00000,0x00000000eace0cb8,0x00000000ead00000)
  from space 2560K, 90% used [0x00000000eaf80000,0x00000000eb1c0000,0x00000000eb200000)
  to   space 2560K, 0% used [0x00000000ead00000,0x00000000ead00000,0x00000000eaf80000)
 ParOldGen       total 267776K, used 252221K [0x00000000c0000000, 0x00000000d0580000, 0x00000000eab00000)
  object space 267776K, 94% used [0x00000000c0000000,0x00000000cf64f5a8,0x00000000d0580000)
 Metaspace       used 86352K, committed 87296K, reserved 1130496K
  class space    used 8076K, committed 8512K, reserved 1048576K
}
Event: 178952.526 GC heap after
{Heap after GC invocations=33071 (full 1025):
 PSYoungGen      total 4608K, used 1733K [0x00000000eab00000, 0x00000000eb180000, 0x0000000100000000)
  eden space 2048K, 0% used [0x00000000eab00000,0x00000000eab00000,0x00000000ead00000)
  from space 2560K, 67% used [0x00000000ead00000,0x00000000eaeb1400,0x00000000eaf80000)
  to   space 2048K, 0% used [0x00000000eaf80000,0x00000000eaf80000,0x00000000eb180000)
 ParOldGen       total 267776K, used 254293K [0x00000000c0000000, 0x00000000d0580000, 0x00000000eab00000)
  object space 267776K, 94% used [0x00000000c0000000,0x00000000cf8555a8,0x00000000d0580000)
 Metaspace       used 86352K, committed 87296K, reserved 1130496K
  class space    used 8076K, committed 8512K, reserved 1048576K
}
Event: 178952.529 GC heap before
{Heap before GC invocations=33072 (full 1025):
 PSYoungGen      total 4608K, used 3781K [0x00000000eab00000, 0x00000000eb180000, 0x0000000100000000)
  eden space 2048K, 100% used [0x00000000eab00000,0x00000000ead00000,0x00000000ead00000)
  from space 2560K, 67% used [0x00000000ead00000,0x00000000eaeb1400,0x00000000eaf80000)
  to   space 2048K, 0% used [0x00000000eaf80000,0x00000000eaf80000,0x00000000eb180000)
 ParOldGen       total 267776K, used 254293K [0x00000000c0000000, 0x00000000d0580000, 0x00000000eab00000)
  object space 267776K, 94% used [0x00000000c0000000,0x00000000cf8555a8,0x00000000d0580000)
 Metaspace       used 86352K, committed 87296K, reserved 1130496K
  class space    used 8076K, committed 8512K, reserved 1048576K
}
Event: 178952.531 GC heap after
{Heap after GC invocations=33072 (full 1025):
 PSYoungGen      total 4608K, used 1658K [0x00000000eab00000, 0x00000000eb180000, 0x0000000100000000)
  eden space 2560K, 0% used [0x00000000eab00000,0x00000000eab00000,0x00000000ead80000)
  from space 2048K, 80% used [0x00000000eaf80000,0x00000000eb11e810,0x00000000eb180000)
  to   space 2048K, 0% used [0x00000000ead80000,0x00000000ead80000,0x00000000eaf80000)
 ParOldGen       total 267776K, used 255533K [0x00000000c0000000, 0x00000000d0580000, 0x00000000eab00000)
  object space 267776K, 95% used [0x00000000c0000000,0x00000000cf98b5a8,0x00000000d0580000)
 Metaspace       used 86352K, committed 87296K, reserved 1130496K
  class space    used 8076K, committed 8512K, reserved 1048576K
}
Event: 178952.552 GC heap before
{Heap before GC invocations=33073 (full 1025):
 PSYoungGen      total 4608K, used 4218K [0x00000000eab00000, 0x00000000eb180000, 0x0000000100000000)
  eden space 2560K, 99% used [0x00000000eab00000,0x00000000ead7fff8,0x00000000ead80000)
  from space 2048K, 80% used [0x00000000eaf80000,0x00000000eb11e810,0x00000000eb180000)
  to   space 2048K, 0% used [0x00000000ead80000,0x00000000ead80000,0x00000000eaf80000)
 ParOldGen       total 267776K, used 255533K [0x00000000c0000000, 0x00000000d0580000, 0x00000000eab00000)
  object space 267776K, 95% used [0x00000000c0000000,0x00000000cf98b5a8,0x00000000d0580000)
 Metaspace       used 86352K, committed 87296K, reserved 1130496K
  class space    used 8076K, committed 8512K, reserved 1048576K
}

