# JRE version: Java(TM) SE Runtime Environment (16.0.2+7) (build 16.0.2+7-67)
# Java VM: Java HotSpot(TM) 64-Bit Server VM (16.0.2+7-67, mixed mode, sharing, tiered, compressed oops, compressed class ptrs, g1 gc, windows-amd64)
GC Precious Log:
 CPUs: 16 total, 16 available
 Memory: 49049M
 Large Page Support: Disabled
 NUMA Support: Disabled
 Compressed Oops: Enabled (Zero based)
 Heap Region Size: 8M
 Heap Min Capacity: 8M
 Heap Initial Capacity: 768M
 Heap Max Capacity: 12264M
 Pre-touch: Disabled
 Parallel Workers: 13
 Concurrent Workers: 3
 Concurrent Refinement Workers: 13
 Periodic GC: Disabled
Heap:
 garbage-first heap   total 4792320K, used 1435193K [0x0000000501800000, 0x0000000800000000)
  region size 8192K, 29 young (237568K), 4 survivors (32768K)
 Metaspace       used 568K, committed 704K, reserved 1056768K
  class space    used 35K, committed 128K, reserved 1048576K
GC Heap History (15 events):
Event: 1.347 GC heap before
{Heap before GC invocations=0 (full 0):
 garbage-first heap   total 786432K, used 0K [0x0000000501800000, 0x0000000800000000)
  region size 8192K, 1 young (8192K), 0 survivors (0K)
 Metaspace       used 561K, committed 704K, reserved 1056768K
  class space    used 35K, committed 128K, reserved 1048576K
}
Event: 1.349 GC heap after
{Heap after GC invocations=1 (full 0):
 garbage-first heap   total 786432K, used 1113K [0x0000000501800000, 0x0000000800000000)
  region size 8192K, 1 young (8192K), 1 survivors (8192K)
 Metaspace       used 561K, committed 704K, reserved 1056768K
  class space    used 35K, committed 128K, reserved 1048576K
}
Event: 1.437 GC heap before
{Heap before GC invocations=1 (full 0):
 garbage-first heap   total 786432K, used 377945K [0x0000000501800000, 0x0000000800000000)
  region size 8192K, 1 young (8192K), 1 survivors (8192K)
 Metaspace       used 561K, committed 704K, reserved 1056768K
  class space    used 35K, committed 128K, reserved 1048576K
}
Event: 1.438 GC heap after
{Heap after GC invocations=2 (full 0):
 garbage-first heap   total 786432K, used 378009K [0x0000000501800000, 0x0000000800000000)
  region size 8192K, 1 young (8192K), 1 survivors (8192K)
 Metaspace       used 561K, committed 704K, reserved 1056768K
  class space    used 35K, committed 128K, reserved 1048576K
}
Event: 1.573 GC heap before
{Heap before GC invocations=3 (full 0):
 garbage-first heap   total 1269760K, used 787609K [0x0000000501800000, 0x0000000800000000)
  region size 8192K, 5 young (40960K), 1 survivors (8192K)
 Metaspace       used 568K, committed 704K, reserved 1056768K
  class space    used 35K, committed 128K, reserved 1048576K
}
Event: 1.621 GC heap after
{Heap after GC invocations=4 (full 0):
 garbage-first heap   total 1269760K, used 771290K [0x0000000501800000, 0x0000000800000000)
  region size 8192K, 1 young (8192K), 1 survivors (8192K)
 Metaspace       used 568K, committed 704K, reserved 1056768K
  class space    used 35K, committed 128K, reserved 1048576K
}
Event: 1.823 GC heap before
{Heap before GC invocations=4 (full 0):
 garbage-first heap   total 1269760K, used 1098970K [0x0000000501800000, 0x0000000800000000)
  region size 8192K, 41 young (335872K), 1 survivors (8192K)
 Metaspace       used 568K, committed 704K, reserved 1056768K
  class space    used 35K, committed 128K, reserved 1048576K
}
Event: 2.320 GC heap after
{Heap after GC invocations=5 (full 0):
 garbage-first heap   total 1277952K, used 936359K [0x0000000501800000, 0x0000000800000000)
  region size 8192K, 6 young (49152K), 6 survivors (49152K)
 Metaspace       used 568K, committed 704K, reserved 1056768K
  class space    used 35K, committed 128K, reserved 1048576K
}
Event: 2.343 GC heap before
{Heap before GC invocations=5 (full 0):
 garbage-first heap   total 1277952K, used 969127K [0x0000000501800000, 0x0000000800000000)
  region size 8192K, 10 young (81920K), 6 survivors (49152K)
 Metaspace       used 568K, committed 704K, reserved 1056768K
  class space    used 35K, committed 128K, reserved 1048576K
}
Event: 2.519 GC heap after
{Heap after GC invocations=6 (full 0):
 garbage-first heap   total 1277952K, used 958464K [0x0000000501800000, 0x0000000800000000)
  region size 8192K, 2 young (16384K), 2 survivors (16384K)
 Metaspace       used 568K, committed 704K, reserved 1056768K
  class space    used 35K, committed 128K, reserved 1048576K
}
Event: 2.553 GC heap before
{Heap before GC invocations=6 (full 0):
 garbage-first heap   total 1597440K, used 991232K [0x0000000501800000, 0x0000000800000000)
  region size 8192K, 7 young (57344K), 2 survivors (16384K)
 Metaspace       used 568K, committed 704K, reserved 1056768K
  class space    used 35K, committed 128K, reserved 1048576K
}
Event: 2.728 GC heap after
{Heap after GC invocations=7 (full 0):
 garbage-first heap   total 4792320K, used 996751K [0x0000000501800000, 0x0000000800000000)
  region size 8192K, 1 young (8192K), 1 survivors (8192K)
 Metaspace       used 568K, committed 704K, reserved 1056768K
  class space    used 35K, committed 128K, reserved 1048576K
}
Event: 2.918 GC heap before
{Heap before GC invocations=8 (full 0):
 garbage-first heap   total 4792320K, used 1226127K [0x0000000501800000, 0x0000000800000000)
  region size 8192K, 29 young (237568K), 1 survivors (8192K)
 Metaspace       used 568K, committed 704K, reserved 1056768K
  class space    used 35K, committed 128K, reserved 1048576K
}
Event: 3.644 GC heap after
{Heap after GC invocations=9 (full 0):
 garbage-first heap   total 4792320K, used 1230393K [0x0000000501800000, 0x0000000800000000)
  region size 8192K, 4 young (32768K), 4 survivors (32768K)
 Metaspace       used 568K, committed 704K, reserved 1056768K
  class space    used 35K, committed 128K, reserved 1048576K
}
Event: 3.777 GC heap before
{Heap before GC invocations=9 (full 0):
 garbage-first heap   total 4792320K, used 1435193K [0x0000000501800000, 0x0000000800000000)
  region size 8192K, 29 young (237568K), 4 survivors (32768K)
 Metaspace       used 568K, committed 704K, reserved 1056768K
  class space    used 35K, committed 128K, reserved 1048576K
}

