# JRE version: Java(TM) SE Runtime Environment (16.0.2+7) (build 16.0.2+7-67)
# Java VM: Java HotSpot(TM) 64-Bit Server VM (16.0.2+7-67, mixed mode, sharing, tiered, compressed oops, compressed class ptrs, parallel gc, windows-amd64)
GC Precious Log:
 CPUs: 16 total, 16 available
 Memory: 49049M
 Large Page Support: Disabled
 NUMA Support: Disabled
 Compressed Oops: Enabled (32-bit)
 Alignments: Space 512K, Generation 512K, Heap 2M
 Heap Min Capacity: 100M
 Heap Initial Capacity: 100M
 Heap Max Capacity: 1G
 Pre-touch: Disabled
 Parallel Workers: 13
Heap:
 PSYoungGen      total 3584K, used 3575K [0x00000000eab00000, 0x00000000eb600000, 0x0000000100000000)
  eden space 2048K, 100% used [0x00000000eab00000,0x00000000ead00000,0x00000000ead00000)
  from space 1536K, 99% used [0x00000000eb080000,0x00000000eb1fdd10,0x00000000eb200000)
  to   space 3584K, 23% used [0x00000000ead00000,0x00000000eadd0000,0x00000000eb080000)
 ParOldGen       total 304640K, used 299386K [0x00000000c0000000, 0x00000000d2980000, 0x00000000eab00000)
  object space 304640K, 98% used [0x00000000c0000000,0x00000000d245e8b8,0x00000000d2980000)
 Metaspace       used 88933K, committed 89856K, reserved 1130496K
  class space    used 8285K, committed 8704K, reserved 1048576K
GC Heap History (20 events):
Event: 159595.738 GC heap after
{Heap after GC invocations=43764 (full 1241):
 PSYoungGen      total 1536K, used 736K [0x00000000eab00000, 0x00000000eb000000, 0x0000000100000000)
  eden space 512K, 0% used [0x00000000eab00000,0x00000000eab00000,0x00000000eab80000)
  from space 1024K, 71% used [0x00000000eab80000,0x00000000eac38000,0x00000000eac80000)
  to   space 2048K, 0% used [0x00000000eae00000,0x00000000eae00000,0x00000000eb000000)
 ParOldGen       total 304640K, used 289759K [0x00000000c0000000, 0x00000000d2980000, 0x00000000eab00000)
  object space 304640K, 95% used [0x00000000c0000000,0x00000000d1af7f98,0x00000000d2980000)
 Metaspace       used 88933K, committed 89856K, reserved 1130496K
  class space    used 8285K, committed 8704K, reserved 1048576K
}
Event: 159595.739 GC heap before
{Heap before GC invocations=43765 (full 1241):
 PSYoungGen      total 1536K, used 1248K [0x00000000eab00000, 0x00000000eb000000, 0x0000000100000000)
  eden space 512K, 100% used [0x00000000eab00000,0x00000000eab80000,0x00000000eab80000)
  from space 1024K, 71% used [0x00000000eab80000,0x00000000eac38000,0x00000000eac80000)
  to   space 2048K, 0% used [0x00000000eae00000,0x00000000eae00000,0x00000000eb000000)
 ParOldGen       total 304640K, used 289759K [0x00000000c0000000, 0x00000000d2980000, 0x00000000eab00000)
  object space 304640K, 95% used [0x00000000c0000000,0x00000000d1af7f98,0x00000000d2980000)
 Metaspace       used 88933K, committed 89856K, reserved 1130496K
  class space    used 8285K, committed 8704K, reserved 1048576K
}
Event: 159595.740 GC heap after
{Heap after GC invocations=43765 (full 1241):
 PSYoungGen      total 2048K, used 704K [0x00000000eab00000, 0x00000000eaf00000, 0x0000000100000000)
  eden space 1024K, 0% used [0x00000000eab00000,0x00000000eab00000,0x00000000eac00000)
  from space 1024K, 68% used [0x00000000eae00000,0x00000000eaeb0000,0x00000000eaf00000)
  to   space 1024K, 0% used [0x00000000ead00000,0x00000000ead00000,0x00000000eae00000)
 ParOldGen       total 304640K, used 290287K [0x00000000c0000000, 0x00000000d2980000, 0x00000000eab00000)
  object space 304640K, 95% used [0x00000000c0000000,0x00000000d1b7bf98,0x00000000d2980000)
 Metaspace       used 88933K, committed 89856K, reserved 1130496K
  class space    used 8285K, committed 8704K, reserved 1048576K
}
Event: 159595.742 GC heap before
{Heap before GC invocations=43766 (full 1241):
 PSYoungGen      total 2048K, used 1699K [0x00000000eab00000, 0x00000000eaf00000, 0x0000000100000000)
  eden space 1024K, 97% used [0x00000000eab00000,0x00000000eabf8c00,0x00000000eac00000)
  from space 1024K, 68% used [0x00000000eae00000,0x00000000eaeb0000,0x00000000eaf00000)
  to   space 1024K, 0% used [0x00000000ead00000,0x00000000ead00000,0x00000000eae00000)
 ParOldGen       total 304640K, used 290287K [0x00000000c0000000, 0x00000000d2980000, 0x00000000eab00000)
  object space 304640K, 95% used [0x00000000c0000000,0x00000000d1b7bf98,0x00000000d2980000)
 Metaspace       used 88933K, committed 89856K, reserved 1130496K
  class space    used 8285K, committed 8704K, reserved 1048576K
}
Event: 159595.743 GC heap after
{Heap after GC invocations=43766 (full 1241):
 PSYoungGen      total 2560K, used 1012K [0x00000000eab00000, 0x00000000eb080000, 0x0000000100000000)
  eden space 1536K, 0% used [0x00000000eab00000,0x00000000eab00000,0x00000000eac80000)
  from space 1024K, 98% used [0x00000000ead00000,0x00000000eadfd000,0x00000000eae00000)
  to   space 2048K, 0% used [0x00000000eae80000,0x00000000eae80000,0x00000000eb080000)
 ParOldGen       total 304640K, used 290839K [0x00000000c0000000, 0x00000000d2980000, 0x00000000eab00000)
  object space 304640K, 95% used [0x00000000c0000000,0x00000000d1c05f98,0x00000000d2980000)
 Metaspace       used 88933K, committed 89856K, reserved 1130496K
  class space    used 8285K, committed 8704K, reserved 1048576K
}
Event: 159595.755 GC heap before
{Heap before GC invocations=43767 (full 1241):
 PSYoungGen      total 2560K, used 2548K [0x00000000eab00000, 0x00000000eb080000, 0x0000000100000000)
  eden space 1536K, 100% used [0x00000000eab00000,0x00000000eac80000,0x00000000eac80000)
  from space 1024K, 98% used [0x00000000ead00000,0x00000000eadfd000,0x00000000eae00000)
  to   space 2048K, 0% used [0x00000000eae80000,0x00000000eae80000,0x00000000eb080000)
 ParOldGen       total 304640K, used 290839K [0x00000000c0000000, 0x00000000d2980000, 0x00000000eab00000)
  object space 304640K, 95% used [0x00000000c0000000,0x00000000d1c05f98,0x00000000d2980000)
 Metaspace       used 88933K, committed 89856K, reserved 1130496K
  class space    used 8285K, committed 8704K, reserved 1048576K
}
Event: 159595.757 GC heap after
{Heap after GC invocations=43767 (full 1241):
 PSYoungGen      total 3584K, used 1415K [0x00000000eab00000, 0x00000000eb000000, 0x0000000100000000)
  eden space 2048K, 0% used [0x00000000eab00000,0x00000000eab00000,0x00000000ead00000)
  from space 1536K, 92% used [0x00000000eae80000,0x00000000eafe1d10,0x00000000eb000000)
  to   space 1536K, 0% used [0x00000000ead00000,0x00000000ead00000,0x00000000eae80000)
 ParOldGen       total 304640K, used 291671K [0x00000000c0000000, 0x00000000d2980000, 0x00000000eab00000)
  object space 304640K, 95% used [0x00000000c0000000,0x00000000d1cd5f98,0x00000000d2980000)
 Metaspace       used 88933K, committed 89856K, reserved 1130496K
  class space    used 8285K, committed 8704K, reserved 1048576K
}
Event: 159595.761 GC heap before
{Heap before GC invocations=43768 (full 1241):
 PSYoungGen      total 3584K, used 3463K [0x00000000eab00000, 0x00000000eb000000, 0x0000000100000000)
  eden space 2048K, 100% used [0x00000000eab00000,0x00000000ead00000,0x00000000ead00000)
  from space 1536K, 92% used [0x00000000eae80000,0x00000000eafe1d10,0x00000000eb000000)
  to   space 1536K, 0% used [0x00000000ead00000,0x00000000ead00000,0x00000000eae80000)
 ParOldGen       total 304640K, used 291671K [0x00000000c0000000, 0x00000000d2980000, 0x00000000eab00000)
  object space 304640K, 95% used [0x00000000c0000000,0x00000000d1cd5f98,0x00000000d2980000)
 Metaspace       used 88933K, committed 89856K, reserved 1130496K
  class space    used 8285K, committed 8704K, reserved 1048576K
}
Event: 159595.762 GC heap after
{Heap after GC invocations=43768 (full 1241):
 PSYoungGen      total 3584K, used 1536K [0x00000000eab00000, 0x00000000eb480000, 0x0000000100000000)
  eden space 2048K, 0% used [0x00000000eab00000,0x00000000eab00000,0x00000000ead00000)
  from space 1536K, 100% used [0x00000000ead00000,0x00000000eae80000,0x00000000eae80000)
  to   space 3584K, 0% used [0x00000000eb100000,0x00000000eb100000,0x00000000eb480000)
 ParOldGen       total 304640K, used 293391K [0x00000000c0000000, 0x00000000d2980000, 0x00000000eab00000)
  object space 304640K, 96% used [0x00000000c0000000,0x00000000d1e83ca8,0x00000000d2980000)
 Metaspace       used 88933K, committed 89856K, reserved 1130496K
  class space    used 8285K, committed 8704K, reserved 1048576K
}
Event: 159595.987 GC heap before
{Heap before GC invocations=43769 (full 1241):
 PSYoungGen      total 3584K, used 3584K [0x00000000eab00000, 0x00000000eb480000, 0x0000000100000000)
  eden space 2048K, 100% used [0x00000000eab00000,0x00000000ead00000,0x00000000ead00000)
  from space 1536K, 100% used [0x00000000ead00000,0x00000000eae80000,0x00000000eae80000)
  to   space 3584K, 0% used [0x00000000eb100000,0x00000000eb100000,0x00000000eb480000)
 ParOldGen       total 304640K, used 293391K [0x00000000c0000000, 0x00000000d2980000, 0x00000000eab00000)
  object space 304640K, 96% used [0x00000000c0000000,0x00000000d1e83ca8,0x00000000d2980000)
 Metaspace       used 88933K, committed 89856K, reserved 1130496K
  class space    used 8285K, committed 8704K, reserved 1048576K
}
Event: 159595.989 GC heap after
{Heap after GC invocations=43769 (full 1241):
 PSYoungGen      total 4096K, used 1136K [0x00000000eab00000, 0x00000000eb280000, 0x0000000100000000)
  eden space 2560K, 0% used [0x00000000eab00000,0x00000000eab00000,0x00000000ead80000)
  from space 1536K, 73% used [0x00000000eb100000,0x00000000eb21c010,0x00000000eb280000)
  to   space 2048K, 0% used [0x00000000eae80000,0x00000000eae80000,0x00000000eb080000)
 ParOldGen       total 304640K, used 294967K [0x00000000c0000000, 0x00000000d2980000, 0x00000000eab00000)
  object space 304640K, 96% used [0x00000000c0000000,0x00000000d200dca8,0x00000000d2980000)
 Metaspace       used 88933K, committed 89856K, reserved 1130496K
  class space    used 8285K, committed 8704K, reserved 1048576K
}
Event: 159596.046 GC heap before
{Heap before GC invocations=43770 (full 1241):
 PSYoungGen      total 4096K, used 3696K [0x00000000eab00000, 0x00000000eb280000, 0x0000000100000000)
  eden space 2560K, 100% used [0x00000000eab00000,0x00000000ead80000,0x00000000ead80000)
  from space 1536K, 73% used [0x00000000eb100000,0x00000000eb21c010,0x00000000eb280000)
  to   space 2048K, 0% used [0x00000000eae80000,0x00000000eae80000,0x00000000eb080000)
 ParOldGen       total 304640K, used 294967K [0x00000000c0000000, 0x00000000d2980000, 0x00000000eab00000)
  object space 304640K, 96% used [0x00000000c0000000,0x00000000d200dca8,0x00000000d2980000)
 Metaspace       used 88933K, committed 89856K, reserved 1130496K
  class space    used 8285K, committed 8704K, reserved 1048576K
}
Event: 159596.047 GC heap after
{Heap after GC invocations=43770 (full 1241):
 PSYoungGen      total 5120K, used 576K [0x00000000eab00000, 0x00000000eb180000, 0x0000000100000000)
  eden space 3072K, 0% used [0x00000000eab00000,0x00000000eab00000,0x00000000eae00000)
  from space 2048K, 28% used [0x00000000eae80000,0x00000000eaf10000,0x00000000eb080000)
  to   space 1024K, 0% used [0x00000000eb080000,0x00000000eb080000,0x00000000eb180000)
 ParOldGen       total 304640K, used 295375K [0x00000000c0000000, 0x00000000d2980000, 0x00000000eab00000)
  object space 304640K, 96% used [0x00000000c0000000,0x00000000d2073ca8,0x00000000d2980000)
 Metaspace       used 88933K, committed 89856K, reserved 1130496K
  class space    used 8285K, committed 8704K, reserved 1048576K
}
Event: 159596.068 GC heap before
{Heap before GC invocations=43771 (full 1241):
 PSYoungGen      total 5120K, used 3648K [0x00000000eab00000, 0x00000000eb180000, 0x0000000100000000)
  eden space 3072K, 100% used [0x00000000eab00000,0x00000000eae00000,0x00000000eae00000)
  from space 2048K, 28% used [0x00000000eae80000,0x00000000eaf10000,0x00000000eb080000)
  to   space 1024K, 0% used [0x00000000eb080000,0x00000000eb080000,0x00000000eb180000)
 ParOldGen       total 304640K, used 295375K [0x00000000c0000000, 0x00000000d2980000, 0x00000000eab00000)
  object space 304640K, 96% used [0x00000000c0000000,0x00000000d2073ca8,0x00000000d2980000)
 Metaspace       used 88933K, committed 89856K, reserved 1130496K
  class space    used 8285K, committed 8704K, reserved 1048576K
}
Event: 159596.068 GC heap after
{Heap after GC invocations=43771 (full 1241):
 PSYoungGen      total 3584K, used 272K [0x00000000eab00000, 0x00000000eb100000, 0x0000000100000000)
  eden space 3072K, 0% used [0x00000000eab00000,0x00000000eab00000,0x00000000eae00000)
  from space 512K, 53% used [0x00000000eb080000,0x00000000eb0c4010,0x00000000eb100000)
  to   space 512K, 0% used [0x00000000eb000000,0x00000000eb000000,0x00000000eb080000)
 ParOldGen       total 304640K, used 295439K [0x00000000c0000000, 0x00000000d2980000, 0x00000000eab00000)
  object space 304640K, 96% used [0x00000000c0000000,0x00000000d2083ca8,0x00000000d2980000)
 Metaspace       used 88933K, committed 89856K, reserved 1130496K
  class space    used 8285K, committed 8704K, reserved 1048576K
}
Event: 159596.073 GC heap before
{Heap before GC invocations=43772 (full 1241):
 PSYoungGen      total 3584K, used 3344K [0x00000000eab00000, 0x00000000eb100000, 0x0000000100000000)
  eden space 3072K, 100% used [0x00000000eab00000,0x00000000eae00000,0x00000000eae00000)
  from space 512K, 53% used [0x00000000eb080000,0x00000000eb0c4010,0x00000000eb100000)
  to   space 512K, 0% used [0x00000000eb000000,0x00000000eb000000,0x00000000eb080000)
 ParOldGen       total 304640K, used 295439K [0x00000000c0000000, 0x00000000d2980000, 0x00000000eab00000)
  object space 304640K, 96% used [0x00000000c0000000,0x00000000d2083ca8,0x00000000d2980000)
 Metaspace       used 88933K, committed 89856K, reserved 1130496K
  class space    used 8285K, committed 8704K, reserved 1048576K
}
Event: 159596.074 GC heap after
{Heap after GC invocations=43772 (full 1241):
 PSYoungGen      total 4608K, used 512K [0x00000000eab00000, 0x00000000eb200000, 0x0000000100000000)
  eden space 4096K, 0% used [0x00000000eab00000,0x00000000eab00000,0x00000000eaf00000)
  from space 512K, 100% used [0x00000000eb000000,0x00000000eb080000,0x00000000eb080000)
  to   space 1536K, 0% used [0x00000000eb080000,0x00000000eb080000,0x00000000eb200000)
 ParOldGen       total 304640K, used 296127K [0x00000000c0000000, 0x00000000d2980000, 0x00000000eab00000)
  object space 304640K, 97% used [0x00000000c0000000,0x00000000d212fce8,0x00000000d2980000)
 Metaspace       used 88933K, committed 89856K, reserved 1130496K
  class space    used 8285K, committed 8704K, reserved 1048576K
}
Event: 159596.278 GC heap before
{Heap before GC invocations=43773 (full 1241):
 PSYoungGen      total 4608K, used 4608K [0x00000000eab00000, 0x00000000eb200000, 0x0000000100000000)
  eden space 4096K, 100% used [0x00000000eab00000,0x00000000eaf00000,0x00000000eaf00000)
  from space 512K, 100% used [0x00000000eb000000,0x00000000eb080000,0x00000000eb080000)
  to   space 1536K, 0% used [0x00000000eb080000,0x00000000eb080000,0x00000000eb200000)
 ParOldGen       total 304640K, used 296127K [0x00000000c0000000, 0x00000000d2980000, 0x00000000eab00000)
  object space 304640K, 97% used [0x00000000c0000000,0x00000000d212fce8,0x00000000d2980000)
 Metaspace       used 88933K, committed 89856K, reserved 1130496K
  class space    used 8285K, committed 8704K, reserved 1048576K
}
Event: 159596.279 GC heap after
{Heap after GC invocations=43773 (full 1241):
 PSYoungGen      total 3584K, used 1527K [0x00000000eab00000, 0x00000000eb600000, 0x0000000100000000)
  eden space 2048K, 0% used [0x00000000eab00000,0x00000000eab00000,0x00000000ead00000)
  from space 1536K, 99% used [0x00000000eb080000,0x00000000eb1fdd10,0x00000000eb200000)
  to   space 3584K, 0% used [0x00000000ead00000,0x00000000ead00000,0x00000000eb080000)
 ParOldGen       total 304640K, used 297794K [0x00000000c0000000, 0x00000000d2980000, 0x00000000eab00000)
  object space 304640K, 97% used [0x00000000c0000000,0x00000000d22d0ba8,0x00000000d2980000)
 Metaspace       used 88933K, committed 89856K, reserved 1130496K
  class space    used 8285K, committed 8704K, reserved 1048576K
}
Event: 159596.282 GC heap before
{Heap before GC invocations=43774 (full 1241):
 PSYoungGen      total 3584K, used 3575K [0x00000000eab00000, 0x00000000eb600000, 0x0000000100000000)
  eden space 2048K, 100% used [0x00000000eab00000,0x00000000ead00000,0x00000000ead00000)
  from space 1536K, 99% used [0x00000000eb080000,0x00000000eb1fdd10,0x00000000eb200000)
  to   space 3584K, 0% used [0x00000000ead00000,0x00000000ead00000,0x00000000eb080000)
 ParOldGen       total 304640K, used 297794K [0x00000000c0000000, 0x00000000d2980000, 0x00000000eab00000)
  object space 304640K, 97% used [0x00000000c0000000,0x00000000d22d0ba8,0x00000000d2980000)
 Metaspace       used 88933K, committed 89856K, reserved 1130496K
  class space    used 8285K, committed 8704K, reserved 1048576K
}

